Mon Oct 31 20:27:20 [initandlisten] MongoDB starting : pid=2816 port=27017 dbpath=/data/db/ 64-bit 
Mon Oct 31 20:27:20 [initandlisten] db version v1.8.2, pdfile version 4.5
Mon Oct 31 20:27:20 [initandlisten] git version: 433bbaa14aaba6860da15bd4de8edf600f56501b
Mon Oct 31 20:27:20 [initandlisten] build sys info: Darwin erh2.10gen.cc 9.6.0 Darwin Kernel Version 9.6.0: Mon Nov 24 17:37:00 PST 2008; root:xnu-1228.9.59~1/RELEASE_I386 i386 BOOST_LIB_VERSION=1_40
Mon Oct 31 20:27:20 [initandlisten] waiting for connections on port 27017
Mon Oct 31 20:27:20 [websvr] web admin interface listening on port 28017
Mon Oct 31 20:27:41 [initandlisten] connection accepted from 127.0.0.1:61621 #1
Mon Oct 31 20:27:47 [conn1] end connection 127.0.0.1:61621
Mon Oct 31 20:28:10 [initandlisten] MongoDB starting : pid=2843 port=27017 dbpath=/data/db/ 64-bit 
Mon Oct 31 20:28:10 [initandlisten] db version v1.8.2, pdfile version 4.5
Mon Oct 31 20:28:10 [initandlisten] git version: 433bbaa14aaba6860da15bd4de8edf600f56501b
Mon Oct 31 20:28:10 [initandlisten] build sys info: Darwin erh2.10gen.cc 9.6.0 Darwin Kernel Version 9.6.0: Mon Nov 24 17:37:00 PST 2008; root:xnu-1228.9.59~1/RELEASE_I386 i386 BOOST_LIB_VERSION=1_40
Mon Oct 31 20:28:10 [initandlisten] exception in initAndListen std::exception: Unable to acquire lock for lockfilepath: /data/db/mongod.lock, terminating
Mon Oct 31 20:28:10 dbexit: 
Mon Oct 31 20:28:10 [initandlisten] shutdown: going to close listening sockets...
Mon Oct 31 20:28:10 [initandlisten] shutdown: going to flush diaglog...
Mon Oct 31 20:28:10 [initandlisten] shutdown: going to close sockets...
Mon Oct 31 20:28:10 [initandlisten] shutdown: waiting for fs preallocator...
Mon Oct 31 20:28:10 [initandlisten] shutdown: closing all files...
Mon Oct 31 20:28:10 closeAllFiles() finished
Mon Oct 31 20:28:10 dbexit: really exiting now
Mon Oct 31 20:28:10 [initandlisten] connection accepted from 127.0.0.1:61627 #2
Mon Oct 31 20:28:10 [conn2] end connection 127.0.0.1:61627
Mon Oct 31 20:28:10 [initandlisten] connection accepted from 127.0.0.1:61628 #3
Mon Oct 31 20:29:14 [conn3] end connection 127.0.0.1:61628
Mon Oct 31 20:53:13 [initandlisten] MongoDB starting : pid=2972 port=27017 dbpath=/data/db/ 64-bit 
Mon Oct 31 20:53:13 [initandlisten] db version v1.8.2, pdfile version 4.5
Mon Oct 31 20:53:13 [initandlisten] git version: 433bbaa14aaba6860da15bd4de8edf600f56501b
Mon Oct 31 20:53:13 [initandlisten] build sys info: Darwin erh2.10gen.cc 9.6.0 Darwin Kernel Version 9.6.0: Mon Nov 24 17:37:00 PST 2008; root:xnu-1228.9.59~1/RELEASE_I386 i386 BOOST_LIB_VERSION=1_40
Mon Oct 31 20:53:13 [initandlisten] exception in initAndListen std::exception: Unable to acquire lock for lockfilepath: /data/db/mongod.lock, terminating
Mon Oct 31 20:53:13 dbexit: 
Mon Oct 31 20:53:13 [initandlisten] shutdown: going to close listening sockets...
Mon Oct 31 20:53:13 [initandlisten] shutdown: going to flush diaglog...
Mon Oct 31 20:53:13 [initandlisten] shutdown: going to close sockets...
Mon Oct 31 20:53:13 [initandlisten] shutdown: waiting for fs preallocator...
Mon Oct 31 20:53:13 [initandlisten] shutdown: closing all files...
Mon Oct 31 20:53:13 closeAllFiles() finished
Mon Oct 31 20:53:13 dbexit: really exiting now
Mon Oct 31 20:53:17 [initandlisten] connection accepted from 127.0.0.1:62568 #4
Mon Oct 31 20:53:17 [conn4] end connection 127.0.0.1:62568
Mon Oct 31 20:53:17 [initandlisten] connection accepted from 127.0.0.1:62569 #5
Sat Nov  5 13:42:49 [initandlisten] connection accepted from 127.0.0.1:63395 #6
Sat Nov  5 13:43:07 [conn6] terminating, shutdown command received
Sat Nov  5 13:43:07 dbexit: shutdown called
Sat Nov  5 13:43:07 [conn6] shutdown: going to close listening sockets...
Sat Nov  5 13:43:07 [conn6] closing listening socket: 5
Sat Nov  5 13:43:07 [conn6] closing listening socket: 6
Sat Nov  5 13:43:07 [conn6] closing listening socket: 7
Sat Nov  5 13:43:07 [conn6] closing listening socket: 8
Sat Nov  5 13:43:07 [conn6] removing socket file: /tmp/mongodb-27017.sock
Sat Nov  5 13:43:07 [conn6] removing socket file: /tmp/mongodb-28017.sock
Sat Nov  5 13:43:07 [conn6] shutdown: going to flush diaglog...
Sat Nov  5 13:43:07 [conn6] shutdown: going to close sockets...
Sat Nov  5 13:43:07 [conn6] shutdown: waiting for fs preallocator...
Sat Nov  5 13:43:07 [conn6] shutdown: closing all files...
Sat Nov  5 13:43:07 closeAllFiles() finished
Sat Nov  5 13:43:07 [conn6] shutdown: removing fs lock...
Sat Nov  5 13:43:07 Sat Nov  5 13:43:07 [conn5] end connection 127.0.0.1:62569
dbexit: really exiting now
Sat Nov  5 14:05:38 [initandlisten] MongoDB starting : pid=6508 port=27017 dbpath=/data/db/ 64-bit 
Sat Nov  5 14:05:38 [initandlisten] db version v1.8.2, pdfile version 4.5
Sat Nov  5 14:05:38 [initandlisten] git version: 433bbaa14aaba6860da15bd4de8edf600f56501b
Sat Nov  5 14:05:38 [initandlisten] build sys info: Darwin erh2.10gen.cc 9.6.0 Darwin Kernel Version 9.6.0: Mon Nov 24 17:37:00 PST 2008; root:xnu-1228.9.59~1/RELEASE_I386 i386 BOOST_LIB_VERSION=1_40
Sat Nov  5 14:05:38 [initandlisten] exception in initAndListen std::exception: Unable to acquire lock for lockfilepath: /data/db/mongod.lock, terminating
Sat Nov  5 14:05:38 dbexit: 
Sat Nov  5 14:05:38 [initandlisten] shutdown: going to close listening sockets...
Sat Nov  5 14:05:38 [initandlisten] shutdown: going to flush diaglog...
Sat Nov  5 14:05:38 [initandlisten] shutdown: going to close sockets...
Sat Nov  5 14:05:38 [initandlisten] shutdown: waiting for fs preallocator...
Sat Nov  5 14:05:38 [initandlisten] shutdown: closing all files...
Sat Nov  5 14:05:38 closeAllFiles() finished
Sat Nov  5 14:05:38 dbexit: really exiting now
Sat Nov  5 14:12:09 [initandlisten] MongoDB starting : pid=6517 port=27017 dbpath=/data/db/ 64-bit 
Sat Nov  5 14:12:09 [initandlisten] db version v1.8.2, pdfile version 4.5
Sat Nov  5 14:12:09 [initandlisten] git version: 433bbaa14aaba6860da15bd4de8edf600f56501b
Sat Nov  5 14:12:09 [initandlisten] build sys info: Darwin erh2.10gen.cc 9.6.0 Darwin Kernel Version 9.6.0: Mon Nov 24 17:37:00 PST 2008; root:xnu-1228.9.59~1/RELEASE_I386 i386 BOOST_LIB_VERSION=1_40
Sat Nov  5 14:12:09 [initandlisten] exception in initAndListen std::exception: Unable to acquire lock for lockfilepath: /data/db/mongod.lock, terminating
Sat Nov  5 14:12:09 dbexit: 
Sat Nov  5 14:12:09 [initandlisten] shutdown: going to close listening sockets...
Sat Nov  5 14:12:09 [initandlisten] shutdown: going to flush diaglog...
Sat Nov  5 14:12:09 [initandlisten] shutdown: going to close sockets...
Sat Nov  5 14:12:09 [initandlisten] shutdown: waiting for fs preallocator...
Sat Nov  5 14:12:09 [initandlisten] shutdown: closing all files...
Sat Nov  5 14:12:09 closeAllFiles() finished
Sat Nov  5 14:12:09 dbexit: really exiting now
Sat Nov  5 14:12:43 [initandlisten] MongoDB starting : pid=6522 port=27017 dbpath=/data/db/ 64-bit 
Sat Nov  5 14:12:43 [initandlisten] db version v1.8.2, pdfile version 4.5
Sat Nov  5 14:12:43 [initandlisten] git version: 433bbaa14aaba6860da15bd4de8edf600f56501b
Sat Nov  5 14:12:43 [initandlisten] build sys info: Darwin erh2.10gen.cc 9.6.0 Darwin Kernel Version 9.6.0: Mon Nov 24 17:37:00 PST 2008; root:xnu-1228.9.59~1/RELEASE_I386 i386 BOOST_LIB_VERSION=1_40
Sat Nov  5 14:12:43 [initandlisten] exception in initAndListen std::exception: Unable to acquire lock for lockfilepath: /data/db/mongod.lock, terminating
Sat Nov  5 14:12:43 dbexit: 
Sat Nov  5 14:12:43 [initandlisten] shutdown: going to close listening sockets...
Sat Nov  5 14:12:43 [initandlisten] shutdown: going to flush diaglog...
Sat Nov  5 14:12:43 [initandlisten] shutdown: going to close sockets...
Sat Nov  5 14:12:43 [initandlisten] shutdown: waiting for fs preallocator...
Sat Nov  5 14:12:43 [initandlisten] shutdown: closing all files...
Sat Nov  5 14:12:43 closeAllFiles() finished
Sat Nov  5 14:12:43 dbexit: really exiting now
Sat Nov  5 15:24:02 [initandlisten] MongoDB starting : pid=6585 port=27017 dbpath=/data/db/ 64-bit 
Sat Nov  5 15:24:02 [initandlisten] db version v1.8.2, pdfile version 4.5
Sat Nov  5 15:24:02 [initandlisten] git version: 433bbaa14aaba6860da15bd4de8edf600f56501b
Sat Nov  5 15:24:02 [initandlisten] build sys info: Darwin erh2.10gen.cc 9.6.0 Darwin Kernel Version 9.6.0: Mon Nov 24 17:37:00 PST 2008; root:xnu-1228.9.59~1/RELEASE_I386 i386 BOOST_LIB_VERSION=1_40
Sat Nov  5 15:24:02 [initandlisten] exception in initAndListen std::exception: Unable to acquire lock for lockfilepath: /data/db/mongod.lock, terminating
Sat Nov  5 15:24:02 dbexit: 
Sat Nov  5 15:24:02 [initandlisten] shutdown: going to close listening sockets...
Sat Nov  5 15:24:02 [initandlisten] shutdown: going to flush diaglog...
Sat Nov  5 15:24:02 [initandlisten] shutdown: going to close sockets...
Sat Nov  5 15:24:02 [initandlisten] shutdown: waiting for fs preallocator...
Sat Nov  5 15:24:02 [initandlisten] shutdown: closing all files...
Sat Nov  5 15:24:02 closeAllFiles() finished
Sat Nov  5 15:24:02 dbexit: really exiting now
Sat Nov  5 15:41:31 [initandlisten] MongoDB starting : pid=6621 port=27017 dbpath=/data/db/ 64-bit 
Sat Nov  5 15:41:31 [initandlisten] db version v1.8.2, pdfile version 4.5
Sat Nov  5 15:41:31 [initandlisten] git version: 433bbaa14aaba6860da15bd4de8edf600f56501b
Sat Nov  5 15:41:31 [initandlisten] build sys info: Darwin erh2.10gen.cc 9.6.0 Darwin Kernel Version 9.6.0: Mon Nov 24 17:37:00 PST 2008; root:xnu-1228.9.59~1/RELEASE_I386 i386 BOOST_LIB_VERSION=1_40
Sat Nov  5 15:41:31 [initandlisten] exception in initAndListen std::exception: Unable to acquire lock for lockfilepath: /data/db/mongod.lock, terminating
Sat Nov  5 15:41:31 dbexit: 
Sat Nov  5 15:41:31 [initandlisten] shutdown: going to close listening sockets...
Sat Nov  5 15:41:31 [initandlisten] shutdown: going to flush diaglog...
Sat Nov  5 15:41:31 [initandlisten] shutdown: going to close sockets...
Sat Nov  5 15:41:31 [initandlisten] shutdown: waiting for fs preallocator...
Sat Nov  5 15:41:31 [initandlisten] shutdown: closing all files...
Sat Nov  5 15:41:31 closeAllFiles() finished
Sat Nov  5 15:41:31 dbexit: really exiting now
Sat Nov  5 15:43:35 [initandlisten] MongoDB starting : pid=6629 port=27017 dbpath=/data/db/ 64-bit 
Sat Nov  5 15:43:35 [initandlisten] db version v1.8.2, pdfile version 4.5
Sat Nov  5 15:43:35 [initandlisten] git version: 433bbaa14aaba6860da15bd4de8edf600f56501b
Sat Nov  5 15:43:35 [initandlisten] build sys info: Darwin erh2.10gen.cc 9.6.0 Darwin Kernel Version 9.6.0: Mon Nov 24 17:37:00 PST 2008; root:xnu-1228.9.59~1/RELEASE_I386 i386 BOOST_LIB_VERSION=1_40
Sat Nov  5 15:43:35 [initandlisten] exception in initAndListen std::exception: Unable to acquire lock for lockfilepath: /data/db/mongod.lock, terminating
Sat Nov  5 15:43:35 dbexit: 
Sat Nov  5 15:43:35 [initandlisten] shutdown: going to close listening sockets...
Sat Nov  5 15:43:35 [initandlisten] shutdown: going to flush diaglog...
Sat Nov  5 15:43:35 [initandlisten] shutdown: going to close sockets...
Sat Nov  5 15:43:35 [initandlisten] shutdown: waiting for fs preallocator...
Sat Nov  5 15:43:35 [initandlisten] shutdown: closing all files...
Sat Nov  5 15:43:35 closeAllFiles() finished
Sat Nov  5 15:43:35 dbexit: really exiting now
Sat Nov  5 15:45:01 [initandlisten] MongoDB starting : pid=6640 port=27017 dbpath=/data/db/ 64-bit 
Sat Nov  5 15:45:01 [initandlisten] db version v1.8.2, pdfile version 4.5
Sat Nov  5 15:45:01 [initandlisten] git version: 433bbaa14aaba6860da15bd4de8edf600f56501b
Sat Nov  5 15:45:01 [initandlisten] build sys info: Darwin erh2.10gen.cc 9.6.0 Darwin Kernel Version 9.6.0: Mon Nov 24 17:37:00 PST 2008; root:xnu-1228.9.59~1/RELEASE_I386 i386 BOOST_LIB_VERSION=1_40
Sat Nov  5 15:45:01 [initandlisten] exception in initAndListen std::exception: Unable to acquire lock for lockfilepath: /data/db/mongod.lock, terminating
Sat Nov  5 15:45:01 dbexit: 
Sat Nov  5 15:45:01 [initandlisten] shutdown: going to close listening sockets...
Sat Nov  5 15:45:01 [initandlisten] shutdown: going to flush diaglog...
Sat Nov  5 15:45:01 [initandlisten] shutdown: going to close sockets...
Sat Nov  5 15:45:01 [initandlisten] shutdown: waiting for fs preallocator...
Sat Nov  5 15:45:01 [initandlisten] shutdown: closing all files...
Sat Nov  5 15:45:01 closeAllFiles() finished
Sat Nov  5 15:45:01 dbexit: really exiting now
Sat Nov  5 15:46:42 [initandlisten] MongoDB starting : pid=6654 port=27017 dbpath=/data/db/ 64-bit 
Sat Nov  5 15:46:42 [initandlisten] db version v1.8.2, pdfile version 4.5
Sat Nov  5 15:46:42 [initandlisten] git version: 433bbaa14aaba6860da15bd4de8edf600f56501b
Sat Nov  5 15:46:42 [initandlisten] build sys info: Darwin erh2.10gen.cc 9.6.0 Darwin Kernel Version 9.6.0: Mon Nov 24 17:37:00 PST 2008; root:xnu-1228.9.59~1/RELEASE_I386 i386 BOOST_LIB_VERSION=1_40
Sat Nov  5 15:46:42 [initandlisten] exception in initAndListen std::exception: Unable to acquire lock for lockfilepath: /data/db/mongod.lock, terminating
Sat Nov  5 15:46:42 dbexit: 
Sat Nov  5 15:46:42 [initandlisten] shutdown: going to close listening sockets...
Sat Nov  5 15:46:42 [initandlisten] shutdown: going to flush diaglog...
Sat Nov  5 15:46:42 [initandlisten] shutdown: going to close sockets...
Sat Nov  5 15:46:42 [initandlisten] shutdown: waiting for fs preallocator...
Sat Nov  5 15:46:42 [initandlisten] shutdown: closing all files...
Sat Nov  5 15:46:42 closeAllFiles() finished
Sat Nov  5 15:46:42 dbexit: really exiting now
Sat Nov  5 15:48:15 [initandlisten] MongoDB starting : pid=6659 port=27017 dbpath=/data/db/ 64-bit 
Sat Nov  5 15:48:15 [initandlisten] db version v1.8.2, pdfile version 4.5
Sat Nov  5 15:48:15 [initandlisten] git version: 433bbaa14aaba6860da15bd4de8edf600f56501b
Sat Nov  5 15:48:15 [initandlisten] build sys info: Darwin erh2.10gen.cc 9.6.0 Darwin Kernel Version 9.6.0: Mon Nov 24 17:37:00 PST 2008; root:xnu-1228.9.59~1/RELEASE_I386 i386 BOOST_LIB_VERSION=1_40
Sat Nov  5 15:48:15 [initandlisten] exception in initAndListen std::exception: Unable to acquire lock for lockfilepath: /data/db/mongod.lock, terminating
Sat Nov  5 15:48:15 dbexit: 
Sat Nov  5 15:48:15 [initandlisten] shutdown: going to close listening sockets...
Sat Nov  5 15:48:15 [initandlisten] shutdown: going to flush diaglog...
Sat Nov  5 15:48:15 [initandlisten] shutdown: going to close sockets...
Sat Nov  5 15:48:15 [initandlisten] shutdown: waiting for fs preallocator...
Sat Nov  5 15:48:15 [initandlisten] shutdown: closing all files...
Sat Nov  5 15:48:15 closeAllFiles() finished
Sat Nov  5 15:48:15 dbexit: really exiting now
Sat Nov  5 15:51:35 [initandlisten] MongoDB starting : pid=6667 port=27017 dbpath=/data/db/ 64-bit 
Sat Nov  5 15:51:35 [initandlisten] db version v1.8.2, pdfile version 4.5
Sat Nov  5 15:51:35 [initandlisten] git version: 433bbaa14aaba6860da15bd4de8edf600f56501b
Sat Nov  5 15:51:35 [initandlisten] build sys info: Darwin erh2.10gen.cc 9.6.0 Darwin Kernel Version 9.6.0: Mon Nov 24 17:37:00 PST 2008; root:xnu-1228.9.59~1/RELEASE_I386 i386 BOOST_LIB_VERSION=1_40
Sat Nov  5 15:51:35 [initandlisten] exception in initAndListen std::exception: Unable to acquire lock for lockfilepath: /data/db/mongod.lock, terminating
Sat Nov  5 15:51:35 dbexit: 
Sat Nov  5 15:51:35 [initandlisten] shutdown: going to close listening sockets...
Sat Nov  5 15:51:35 [initandlisten] shutdown: going to flush diaglog...
Sat Nov  5 15:51:35 [initandlisten] shutdown: going to close sockets...
Sat Nov  5 15:51:35 [initandlisten] shutdown: waiting for fs preallocator...
Sat Nov  5 15:51:35 [initandlisten] shutdown: closing all files...
Sat Nov  5 15:51:35 closeAllFiles() finished
Sat Nov  5 15:51:35 dbexit: really exiting now
Sat Nov  5 15:51:56 [initandlisten] MongoDB starting : pid=6672 port=27017 dbpath=/data/db/ 64-bit 
Sat Nov  5 15:51:56 [initandlisten] db version v1.8.2, pdfile version 4.5
Sat Nov  5 15:51:56 [initandlisten] git version: 433bbaa14aaba6860da15bd4de8edf600f56501b
Sat Nov  5 15:51:56 [initandlisten] build sys info: Darwin erh2.10gen.cc 9.6.0 Darwin Kernel Version 9.6.0: Mon Nov 24 17:37:00 PST 2008; root:xnu-1228.9.59~1/RELEASE_I386 i386 BOOST_LIB_VERSION=1_40
Sat Nov  5 15:51:56 [initandlisten] exception in initAndListen std::exception: Unable to acquire lock for lockfilepath: /data/db/mongod.lock, terminating
Sat Nov  5 15:51:56 dbexit: 
Sat Nov  5 15:51:56 [initandlisten] shutdown: going to close listening sockets...
Sat Nov  5 15:51:56 [initandlisten] shutdown: going to flush diaglog...
Sat Nov  5 15:51:56 [initandlisten] shutdown: going to close sockets...
Sat Nov  5 15:51:56 [initandlisten] shutdown: waiting for fs preallocator...
Sat Nov  5 15:51:56 [initandlisten] shutdown: closing all files...
Sat Nov  5 15:51:56 closeAllFiles() finished
Sat Nov  5 15:51:56 dbexit: really exiting now
Sat Nov  5 15:55:21 [initandlisten] MongoDB starting : pid=6677 port=27017 dbpath=/data/db/ 64-bit 
Sat Nov  5 15:55:21 [initandlisten] db version v1.8.2, pdfile version 4.5
Sat Nov  5 15:55:21 [initandlisten] git version: 433bbaa14aaba6860da15bd4de8edf600f56501b
Sat Nov  5 15:55:21 [initandlisten] build sys info: Darwin erh2.10gen.cc 9.6.0 Darwin Kernel Version 9.6.0: Mon Nov 24 17:37:00 PST 2008; root:xnu-1228.9.59~1/RELEASE_I386 i386 BOOST_LIB_VERSION=1_40
Sat Nov  5 15:55:21 [initandlisten] exception in initAndListen std::exception: Unable to acquire lock for lockfilepath: /data/db/mongod.lock, terminating
Sat Nov  5 15:55:21 dbexit: 
Sat Nov  5 15:55:21 [initandlisten] shutdown: going to close listening sockets...
Sat Nov  5 15:55:21 [initandlisten] shutdown: going to flush diaglog...
Sat Nov  5 15:55:21 [initandlisten] shutdown: going to close sockets...
Sat Nov  5 15:55:21 [initandlisten] shutdown: waiting for fs preallocator...
Sat Nov  5 15:55:21 [initandlisten] shutdown: closing all files...
Sat Nov  5 15:55:21 closeAllFiles() finished
Sat Nov  5 15:55:21 dbexit: really exiting now
Sat Nov  5 17:36:04 [initandlisten] MongoDB starting : pid=6814 port=27017 dbpath=/data/db/ 64-bit 
Sat Nov  5 17:36:04 [initandlisten] db version v1.8.2, pdfile version 4.5
Sat Nov  5 17:36:04 [initandlisten] git version: 433bbaa14aaba6860da15bd4de8edf600f56501b
Sat Nov  5 17:36:04 [initandlisten] build sys info: Darwin erh2.10gen.cc 9.6.0 Darwin Kernel Version 9.6.0: Mon Nov 24 17:37:00 PST 2008; root:xnu-1228.9.59~1/RELEASE_I386 i386 BOOST_LIB_VERSION=1_40
Sat Nov  5 17:36:04 [initandlisten] exception in initAndListen std::exception: Unable to acquire lock for lockfilepath: /data/db/mongod.lock, terminating
Sat Nov  5 17:36:04 dbexit: 
Sat Nov  5 17:36:04 [initandlisten] shutdown: going to close listening sockets...
Sat Nov  5 17:36:04 [initandlisten] shutdown: going to flush diaglog...
Sat Nov  5 17:36:04 [initandlisten] shutdown: going to close sockets...
Sat Nov  5 17:36:04 [initandlisten] shutdown: waiting for fs preallocator...
Sat Nov  5 17:36:04 [initandlisten] shutdown: closing all files...
Sat Nov  5 17:36:04 closeAllFiles() finished
Sat Nov  5 17:36:04 dbexit: really exiting now
Fri Nov 18 21:24:52 [initandlisten] MongoDB starting : pid=14711 port=27017 dbpath=/data/db/ 64-bit 
Fri Nov 18 21:24:52 [initandlisten] db version v1.8.2, pdfile version 4.5
Fri Nov 18 21:24:52 [initandlisten] git version: 433bbaa14aaba6860da15bd4de8edf600f56501b
Fri Nov 18 21:24:52 [initandlisten] build sys info: Darwin erh2.10gen.cc 9.6.0 Darwin Kernel Version 9.6.0: Mon Nov 24 17:37:00 PST 2008; root:xnu-1228.9.59~1/RELEASE_I386 i386 BOOST_LIB_VERSION=1_40
Fri Nov 18 21:24:52 [initandlisten] waiting for connections on port 27017
Fri Nov 18 21:24:52 [websvr] web admin interface listening on port 28017
Fri Nov 18 21:25:25 [initandlisten] connection accepted from 127.0.0.1:55284 #1
Fri Nov 18 21:25:25 [conn1] end connection 127.0.0.1:55284
Fri Nov 18 21:25:25 [initandlisten] connection accepted from 127.0.0.1:55285 #2
Mon Nov 21 09:59:15 [conn2] end connection 127.0.0.1:55285
Wed Nov 23 11:26:12 got kill or ctrl c or hup signal 15 (Terminated), will terminate after current cmd ends
Wed Nov 23 11:26:12 [interruptThread] now exiting
Wed Nov 23 11:26:12 dbexit: 
Wed Nov 23 11:26:12 [interruptThread] shutdown: going to close listening sockets...
Wed Nov 23 11:26:12 [interruptThread] closing listening socket: 5
Wed Nov 23 11:26:12 [interruptThread] closing listening socket: 6
Wed Nov 23 11:26:12 [interruptThread] closing listening socket: 7
Wed Nov 23 11:26:12 [interruptThread] closing listening socket: 8
Wed Nov 23 11:26:12 [interruptThread] removing socket file: /tmp/mongodb-27017.sock
Wed Nov 23 11:26:12 [interruptThread] removing socket file: /tmp/mongodb-28017.sock
Wed Nov 23 11:26:12 [interruptThread] shutdown: going to flush diaglog...
Wed Nov 23 11:26:12 [interruptThread] shutdown: going to close sockets...
Wed Nov 23 11:26:12 [interruptThread] shutdown: waiting for fs preallocator...
Wed Nov 23 11:26:12 [interruptThread] shutdown: closing all files...
Wed Nov 23 11:26:12 closeAllFiles() finished
Wed Nov 23 11:26:12 [interruptThread] shutdown: removing fs lock...
Wed Nov 23 11:26:12 dbexit: really exiting now
